# JRE version: Java(TM) SE Runtime Environment (15.0.2+7) (build 15.0.2+7-27)
# Java VM: Java HotSpot(TM) 64-Bit Server VM (15.0.2+7-27, mixed mode, sharing, tiered, compressed oops, g1 gc, windows-amd64)
GC Precious Log:
 CPUs: 8 total, 8 available
 Memory: 16236M
 Large Page Support: Disabled
 NUMA Support: Disabled
 Compressed Oops: Enabled (Zero based)
 Heap Region Size: 2M
 Heap Min Capacity: 8M
 Heap Initial Capacity: 254M
 Heap Max Capacity: 4060M
 Pre-touch: Disabled
 Parallel Workers: 8
 Concurrent Workers: 2
 Concurrent Refinement Workers: 8
 Periodic GC: Disabled
Heap:
 garbage-first heap   total 161792K, used 102955K [0x0000000702400000, 0x0000000800000000)
  region size 2048K, 11 young (22528K), 2 survivors (4096K)
 Metaspace       used 45614K, capacity 45952K, committed 46544K, reserved 1089536K
  class space    used 6096K, capacity 6172K, committed 6272K, reserved 1048576K
GC Heap History (20 events):
Event: 4.935 GC heap before
{Heap before GC invocations=5 (full 0):
 garbage-first heap   total 96256K, used 78190K [0x0000000702400000, 0x0000000800000000)
  region size 2048K, 28 young (57344K), 2 survivors (4096K)
 Metaspace       used 30135K, capacity 30382K, committed 30640K, reserved 1077248K
  class space    used 3494K, capacity 3561K, committed 3584K, reserved 1048576K
}
Event: 4.942 GC heap after
{Heap after GC invocations=6 (full 0):
 garbage-first heap   total 96256K, used 36111K [0x0000000702400000, 0x0000000800000000)
  region size 2048K, 4 young (8192K), 4 survivors (8192K)
 Metaspace       used 30135K, capacity 30382K, committed 30640K, reserved 1077248K
  class space    used 3494K, capacity 3561K, committed 3584K, reserved 1048576K
}
Event: 6.198 GC heap before
{Heap before GC invocations=6 (full 0):
 garbage-first heap   total 96256K, used 60687K [0x0000000702400000, 0x0000000800000000)
  region size 2048K, 16 young (32768K), 4 survivors (8192K)
 Metaspace       used 32666K, capacity 32952K, committed 33328K, reserved 1079296K
  class space    used 4069K, capacity 4139K, committed 4224K, reserved 1048576K
}
Event: 6.204 GC heap after
{Heap after GC invocations=7 (full 0):
 garbage-first heap   total 96256K, used 42301K [0x0000000702400000, 0x0000000800000000)
  region size 2048K, 2 young (4096K), 2 survivors (4096K)
 Metaspace       used 32666K, capacity 32952K, committed 33328K, reserved 1079296K
  class space    used 4069K, capacity 4139K, committed 4224K, reserved 1048576K
}
Event: 7.811 GC heap before
{Heap before GC invocations=7 (full 0):
 garbage-first heap   total 96256K, used 56637K [0x0000000702400000, 0x0000000800000000)
  region size 2048K, 11 young (22528K), 2 survivors (4096K)
 Metaspace       used 35098K, capacity 35363K, committed 35920K, reserved 1081344K
  class space    used 4462K, capacity 4523K, committed 4608K, reserved 1048576K
}
Event: 7.815 GC heap after
{Heap after GC invocations=8 (full 0):
 garbage-first heap   total 96256K, used 45992K [0x0000000702400000, 0x0000000800000000)
  region size 2048K, 2 young (4096K), 2 survivors (4096K)
 Metaspace       used 35098K, capacity 35363K, committed 35920K, reserved 1081344K
  class space    used 4462K, capacity 4523K, committed 4608K, reserved 1048576K
}
Event: 8.735 GC heap before
{Heap before GC invocations=9 (full 0):
 garbage-first heap   total 96256K, used 64424K [0x0000000702400000, 0x0000000800000000)
  region size 2048K, 12 young (24576K), 2 survivors (4096K)
 Metaspace       used 39043K, capacity 39331K, committed 39888K, reserved 1083392K
  class space    used 5042K, capacity 5141K, committed 5248K, reserved 1048576K
}
Event: 8.739 GC heap after
{Heap after GC invocations=10 (full 0):
 garbage-first heap   total 96256K, used 49462K [0x0000000702400000, 0x0000000800000000)
  region size 2048K, 2 young (4096K), 2 survivors (4096K)
 Metaspace       used 39043K, capacity 39331K, committed 39888K, reserved 1083392K
  class space    used 5042K, capacity 5141K, committed 5248K, reserved 1048576K
}
Event: 9.217 GC heap before
{Heap before GC invocations=10 (full 0):
 garbage-first heap   total 96256K, used 69942K [0x0000000702400000, 0x0000000800000000)
  region size 2048K, 12 young (24576K), 2 survivors (4096K)
 Metaspace       used 40813K, capacity 41139K, committed 41680K, reserved 1085440K
  class space    used 5310K, capacity 5401K, committed 5504K, reserved 1048576K
}
Event: 9.221 GC heap after
{Heap after GC invocations=11 (full 0):
 garbage-first heap   total 96256K, used 54712K [0x0000000702400000, 0x0000000800000000)
  region size 2048K, 2 young (4096K), 2 survivors (4096K)
 Metaspace       used 40813K, capacity 41139K, committed 41680K, reserved 1085440K
  class space    used 5310K, capacity 5401K, committed 5504K, reserved 1048576K
}
Event: 9.485 GC heap before
{Heap before GC invocations=12 (full 0):
 garbage-first heap   total 100352K, used 71096K [0x0000000702400000, 0x0000000800000000)
  region size 2048K, 10 young (20480K), 2 survivors (4096K)
 Metaspace       used 41451K, capacity 41779K, committed 42320K, reserved 1085440K
  class space    used 5481K, capacity 5593K, committed 5632K, reserved 1048576K
}
Event: 9.488 GC heap after
{Heap after GC invocations=13 (full 0):
 garbage-first heap   total 100352K, used 60525K [0x0000000702400000, 0x0000000800000000)
  region size 2048K, 2 young (4096K), 2 survivors (4096K)
 Metaspace       used 41451K, capacity 41779K, committed 42320K, reserved 1085440K
  class space    used 5481K, capacity 5593K, committed 5632K, reserved 1048576K
}
Event: 9.527 GC heap before
{Heap before GC invocations=13 (full 0):
 garbage-first heap   total 100352K, used 62573K [0x0000000702400000, 0x0000000800000000)
  region size 2048K, 4 young (8192K), 2 survivors (4096K)
 Metaspace       used 41539K, capacity 41875K, committed 42320K, reserved 1085440K
  class space    used 5508K, capacity 5625K, committed 5632K, reserved 1048576K
}
Event: 9.531 GC heap after
{Heap after GC invocations=14 (full 0):
 garbage-first heap   total 100352K, used 61467K [0x0000000702400000, 0x0000000800000000)
  region size 2048K, 1 young (2048K), 1 survivors (2048K)
 Metaspace       used 41539K, capacity 41875K, committed 42320K, reserved 1085440K
  class space    used 5508K, capacity 5625K, committed 5632K, reserved 1048576K
}
Event: 9.655 GC heap before
{Heap before GC invocations=15 (full 0):
 garbage-first heap   total 141312K, used 83995K [0x0000000702400000, 0x0000000800000000)
  region size 2048K, 8 young (16384K), 1 survivors (2048K)
 Metaspace       used 41775K, capacity 42099K, committed 42704K, reserved 1087488K
  class space    used 5558K, capacity 5657K, committed 5760K, reserved 1048576K
}
Event: 9.658 GC heap after
{Heap after GC invocations=16 (full 0):
 garbage-first heap   total 141312K, used 72767K [0x0000000702400000, 0x0000000800000000)
  region size 2048K, 1 young (2048K), 1 survivors (2048K)
 Metaspace       used 41775K, capacity 42099K, committed 42704K, reserved 1087488K
  class space    used 5558K, capacity 5657K, committed 5760K, reserved 1048576K
}
Event: 10.112 GC heap before
{Heap before GC invocations=16 (full 0):
 garbage-first heap   total 141312K, used 105535K [0x0000000702400000, 0x0000000800000000)
  region size 2048K, 17 young (34816K), 1 survivors (2048K)
 Metaspace       used 42511K, capacity 42836K, committed 43344K, reserved 1087488K
  class space    used 5769K, capacity 5881K, committed 5888K, reserved 1048576K
}
Event: 10.115 GC heap after
{Heap after GC invocations=17 (full 0):
 garbage-first heap   total 141312K, used 82047K [0x0000000702400000, 0x0000000800000000)
  region size 2048K, 3 young (6144K), 3 survivors (6144K)
 Metaspace       used 42511K, capacity 42836K, committed 43344K, reserved 1087488K
  class space    used 5769K, capacity 5881K, committed 5888K, reserved 1048576K
}
Event: 10.224 GC heap before
{Heap before GC invocations=18 (full 0):
 garbage-first heap   total 147456K, used 88191K [0x0000000702400000, 0x0000000800000000)
  region size 2048K, 7 young (14336K), 3 survivors (6144K)
 Metaspace       used 42652K, capacity 42932K, committed 43472K, reserved 1087488K
  class space    used 5808K, capacity 5913K, committed 6016K, reserved 1048576K
}
Event: 10.226 GC heap after
{Heap after GC invocations=19 (full 0):
 garbage-first heap   total 147456K, used 84523K [0x0000000702400000, 0x0000000800000000)
  region size 2048K, 2 young (4096K), 2 survivors (4096K)
 Metaspace       used 42652K, capacity 42932K, committed 43472K, reserved 1087488K
  class space    used 5808K, capacity 5913K, committed 6016K, reserved 1048576K
}

