# JRE version: Java(TM) SE Runtime Environment (15.0.2+7) (build 15.0.2+7-27)
# Java VM: Java HotSpot(TM) 64-Bit Server VM (15.0.2+7-27, mixed mode, sharing, tiered, compressed oops, g1 gc, windows-amd64)
GC Precious Log:
 CPUs: 8 total, 8 available
 Memory: 16236M
 Large Page Support: Disabled
 NUMA Support: Disabled
 Compressed Oops: Enabled (Zero based)
 Heap Region Size: 2M
 Heap Min Capacity: 8M
 Heap Initial Capacity: 254M
 Heap Max Capacity: 4060M
 Pre-touch: Disabled
 Parallel Workers: 8
 Concurrent Workers: 2
 Concurrent Refinement Workers: 8
 Periodic GC: Disabled
Heap:
 garbage-first heap   total 161792K, used 101854K [0x0000000702400000, 0x0000000800000000)
  region size 2048K, 10 young (20480K), 2 survivors (4096K)
 Metaspace       used 45520K, capacity 45852K, committed 46384K, reserved 1089536K
  class space    used 6105K, capacity 6204K, committed 6272K, reserved 1048576K
GC Heap History (20 events):
Event: 2.124 GC heap before
{Heap before GC invocations=3 (full 0):
 garbage-first heap   total 260096K, used 34308K [0x0000000702400000, 0x0000000800000000)
  region size 2048K, 9 young (18432K), 2 survivors (4096K)
 Metaspace       used 20849K, capacity 21085K, committed 21296K, reserved 1069056K
  class space    used 2320K, capacity 2394K, committed 2432K, reserved 1048576K
}
Event: 2.125 GC heap after
{Heap after GC invocations=4 (full 0):
 garbage-first heap   total 260096K, used 24896K [0x0000000702400000, 0x0000000800000000)
  region size 2048K, 2 young (4096K), 2 survivors (4096K)
 Metaspace       used 20849K, capacity 21085K, committed 21296K, reserved 1069056K
  class space    used 2320K, capacity 2394K, committed 2432K, reserved 1048576K
}
Event: 6.016 GC heap before
{Heap before GC invocations=5 (full 0):
 garbage-first heap   total 102400K, used 80192K [0x0000000702400000, 0x0000000800000000)
  region size 2048K, 30 young (61440K), 2 survivors (4096K)
 Metaspace       used 30576K, capacity 30796K, committed 31024K, reserved 1077248K
  class space    used 3578K, capacity 3657K, committed 3712K, reserved 1048576K
}
Event: 6.023 GC heap after
{Heap after GC invocations=6 (full 0):
 garbage-first heap   total 102400K, used 36733K [0x0000000702400000, 0x0000000800000000)
  region size 2048K, 4 young (8192K), 4 survivors (8192K)
 Metaspace       used 30576K, capacity 30796K, committed 31024K, reserved 1077248K
  class space    used 3578K, capacity 3657K, committed 3712K, reserved 1048576K
}
Event: 7.965 GC heap before
{Heap before GC invocations=6 (full 0):
 garbage-first heap   total 102400K, used 63357K [0x0000000702400000, 0x0000000800000000)
  region size 2048K, 18 young (36864K), 4 survivors (8192K)
 Metaspace       used 34287K, capacity 34558K, committed 35120K, reserved 1079296K
  class space    used 4246K, capacity 4363K, committed 4480K, reserved 1048576K
}
Event: 7.972 GC heap after
{Heap after GC invocations=7 (full 0):
 garbage-first heap   total 102400K, used 43370K [0x0000000702400000, 0x0000000800000000)
  region size 2048K, 3 young (6144K), 3 survivors (6144K)
 Metaspace       used 34287K, capacity 34558K, committed 35120K, reserved 1079296K
  class space    used 4246K, capacity 4363K, committed 4480K, reserved 1048576K
}
Event: 8.915 GC heap before
{Heap before GC invocations=7 (full 0):
 garbage-first heap   total 102400K, used 51562K [0x0000000702400000, 0x0000000800000000)
  region size 2048K, 8 young (16384K), 3 survivors (6144K)
 Metaspace       used 35204K, capacity 35487K, committed 35920K, reserved 1081344K
  class space    used 4481K, capacity 4587K, committed 4608K, reserved 1048576K
}
Event: 8.919 GC heap after
{Heap after GC invocations=8 (full 0):
 garbage-first heap   total 102400K, used 46498K [0x0000000702400000, 0x0000000800000000)
  region size 2048K, 2 young (4096K), 2 survivors (4096K)
 Metaspace       used 35204K, capacity 35487K, committed 35920K, reserved 1081344K
  class space    used 4481K, capacity 4587K, committed 4608K, reserved 1048576K
}
Event: 10.107 GC heap before
{Heap before GC invocations=9 (full 0):
 garbage-first heap   total 102400K, used 71074K [0x0000000702400000, 0x0000000800000000)
  region size 2048K, 14 young (28672K), 2 survivors (4096K)
 Metaspace       used 39842K, capacity 40133K, committed 40624K, reserved 1085440K
  class space    used 5175K, capacity 5303K, committed 5376K, reserved 1048576K
}
Event: 10.113 GC heap after
{Heap after GC invocations=10 (full 0):
 garbage-first heap   total 102400K, used 50386K [0x0000000702400000, 0x0000000800000000)
  region size 2048K, 2 young (4096K), 2 survivors (4096K)
 Metaspace       used 39842K, capacity 40133K, committed 40624K, reserved 1085440K
  class space    used 5175K, capacity 5303K, committed 5376K, reserved 1048576K
}
Event: 10.714 GC heap before
{Heap before GC invocations=10 (full 0):
 garbage-first heap   total 102400K, used 72914K [0x0000000702400000, 0x0000000800000000)
  region size 2048K, 13 young (26624K), 2 survivors (4096K)
 Metaspace       used 41153K, capacity 41519K, committed 42160K, reserved 1085440K
  class space    used 5394K, capacity 5529K, committed 5632K, reserved 1048576K
}
Event: 10.718 GC heap after
{Heap after GC invocations=11 (full 0):
 garbage-first heap   total 102400K, used 57323K [0x0000000702400000, 0x0000000800000000)
  region size 2048K, 2 young (4096K), 2 survivors (4096K)
 Metaspace       used 41153K, capacity 41519K, committed 42160K, reserved 1085440K
  class space    used 5394K, capacity 5529K, committed 5632K, reserved 1048576K
}
Event: 10.995 GC heap before
{Heap before GC invocations=12 (full 0):
 garbage-first heap   total 102400K, used 65515K [0x0000000702400000, 0x0000000800000000)
  region size 2048K, 8 young (16384K), 2 survivors (4096K)
 Metaspace       used 41607K, capacity 41967K, committed 42544K, reserved 1085440K
  class space    used 5518K, capacity 5657K, committed 5760K, reserved 1048576K
}
Event: 10.999 GC heap after
{Heap after GC invocations=13 (full 0):
 garbage-first heap   total 102400K, used 61754K [0x0000000702400000, 0x0000000800000000)
  region size 2048K, 2 young (4096K), 2 survivors (4096K)
 Metaspace       used 41607K, capacity 41967K, committed 42544K, reserved 1085440K
  class space    used 5518K, capacity 5657K, committed 5760K, reserved 1048576K
}
Event: 11.148 GC heap before
{Heap before GC invocations=14 (full 0):
 garbage-first heap   total 141312K, used 84282K [0x0000000702400000, 0x0000000800000000)
  region size 2048K, 9 young (18432K), 2 survivors (4096K)
 Metaspace       used 41840K, capacity 42127K, committed 42544K, reserved 1085440K
  class space    used 5569K, capacity 5689K, committed 5760K, reserved 1048576K
}
Event: 11.152 GC heap after
{Heap after GC invocations=15 (full 0):
 garbage-first heap   total 141312K, used 73691K [0x0000000702400000, 0x0000000800000000)
  region size 2048K, 1 young (2048K), 1 survivors (2048K)
 Metaspace       used 41840K, capacity 42127K, committed 42544K, reserved 1085440K
  class space    used 5569K, capacity 5689K, committed 5760K, reserved 1048576K
}
Event: 11.648 GC heap before
{Heap before GC invocations=15 (full 0):
 garbage-first heap   total 141312K, used 104411K [0x0000000702400000, 0x0000000800000000)
  region size 2048K, 16 young (32768K), 1 survivors (2048K)
 Metaspace       used 42542K, capacity 42832K, committed 43184K, reserved 1087488K
  class space    used 5766K, capacity 5881K, committed 5888K, reserved 1048576K
}
Event: 11.652 GC heap after
{Heap after GC invocations=16 (full 0):
 garbage-first heap   total 141312K, used 82286K [0x0000000702400000, 0x0000000800000000)
  region size 2048K, 2 young (4096K), 2 survivors (4096K)
 Metaspace       used 42542K, capacity 42832K, committed 43184K, reserved 1087488K
  class space    used 5766K, capacity 5881K, committed 5888K, reserved 1048576K
}
Event: 11.795 GC heap before
{Heap before GC invocations=17 (full 0):
 garbage-first heap   total 147456K, used 90478K [0x0000000702400000, 0x0000000800000000)
  region size 2048K, 7 young (14336K), 2 survivors (4096K)
 Metaspace       used 42720K, capacity 43024K, committed 43568K, reserved 1087488K
  class space    used 5818K, capacity 5945K, committed 6016K, reserved 1048576K
}
Event: 11.797 GC heap after
{Heap after GC invocations=18 (full 0):
 garbage-first heap   total 147456K, used 85470K [0x0000000702400000, 0x0000000800000000)
  region size 2048K, 2 young (4096K), 2 survivors (4096K)
 Metaspace       used 42720K, capacity 43024K, committed 43568K, reserved 1087488K
  class space    used 5818K, capacity 5945K, committed 6016K, reserved 1048576K
}

