# JRE version: Java(TM) SE Runtime Environment (15.0.2+7) (build 15.0.2+7-27)
# Java VM: Java HotSpot(TM) 64-Bit Server VM (15.0.2+7-27, mixed mode, sharing, tiered, compressed oops, g1 gc, windows-amd64)
GC Precious Log:
 CPUs: 8 total, 8 available
 Memory: 16236M
 Large Page Support: Disabled
 NUMA Support: Disabled
 Compressed Oops: Enabled (Zero based)
 Heap Region Size: 2M
 Heap Min Capacity: 8M
 Heap Initial Capacity: 254M
 Heap Max Capacity: 4060M
 Pre-touch: Disabled
 Parallel Workers: 8
 Concurrent Workers: 2
 Concurrent Refinement Workers: 8
 Periodic GC: Disabled
Heap:
 garbage-first heap   total 161792K, used 107606K [0x0000000702400000, 0x0000000800000000)
  region size 2048K, 13 young (26624K), 2 survivors (4096K)
 Metaspace       used 45979K, capacity 46259K, committed 46800K, reserved 1089536K
  class space    used 6148K, capacity 6237K, committed 6272K, reserved 1048576K
GC Heap History (20 events):
Event: 5.114 GC heap before
{Heap before GC invocations=5 (full 0):
 garbage-first heap   total 96256K, used 78286K [0x0000000702400000, 0x0000000800000000)
  region size 2048K, 28 young (57344K), 2 survivors (4096K)
 Metaspace       used 30152K, capacity 30367K, committed 30640K, reserved 1077248K
  class space    used 3497K, capacity 3561K, committed 3584K, reserved 1048576K
}
Event: 5.121 GC heap after
{Heap after GC invocations=6 (full 0):
 garbage-first heap   total 96256K, used 36130K [0x0000000702400000, 0x0000000800000000)
  region size 2048K, 4 young (8192K), 4 survivors (8192K)
 Metaspace       used 30152K, capacity 30367K, committed 30640K, reserved 1077248K
  class space    used 3497K, capacity 3561K, committed 3584K, reserved 1048576K
}
Event: 6.510 GC heap before
{Heap before GC invocations=6 (full 0):
 garbage-first heap   total 96256K, used 60706K [0x0000000702400000, 0x0000000800000000)
  region size 2048K, 16 young (32768K), 4 survivors (8192K)
 Metaspace       used 32690K, capacity 32872K, committed 33328K, reserved 1079296K
  class space    used 4075K, capacity 4139K, committed 4224K, reserved 1048576K
}
Event: 6.518 GC heap after
{Heap after GC invocations=7 (full 0):
 garbage-first heap   total 96256K, used 42212K [0x0000000702400000, 0x0000000800000000)
  region size 2048K, 2 young (4096K), 2 survivors (4096K)
 Metaspace       used 32690K, capacity 32872K, committed 33328K, reserved 1079296K
  class space    used 4075K, capacity 4139K, committed 4224K, reserved 1048576K
}
Event: 8.180 GC heap before
{Heap before GC invocations=7 (full 0):
 garbage-first heap   total 96256K, used 58596K [0x0000000702400000, 0x0000000800000000)
  region size 2048K, 12 young (24576K), 2 survivors (4096K)
 Metaspace       used 35295K, capacity 35539K, committed 35920K, reserved 1081344K
  class space    used 4491K, capacity 4587K, committed 4608K, reserved 1048576K
}
Event: 8.184 GC heap after
{Heap after GC invocations=8 (full 0):
 garbage-first heap   total 96256K, used 46645K [0x0000000702400000, 0x0000000800000000)
  region size 2048K, 2 young (4096K), 2 survivors (4096K)
 Metaspace       used 35295K, capacity 35539K, committed 35920K, reserved 1081344K
  class space    used 4491K, capacity 4587K, committed 4608K, reserved 1048576K
}
Event: 9.157 GC heap before
{Heap before GC invocations=9 (full 0):
 garbage-first heap   total 96256K, used 65077K [0x0000000702400000, 0x0000000800000000)
  region size 2048K, 12 young (24576K), 2 survivors (4096K)
 Metaspace       used 39032K, capacity 39254K, committed 39888K, reserved 1083392K
  class space    used 5047K, capacity 5142K, committed 5248K, reserved 1048576K
}
Event: 9.161 GC heap after
{Heap after GC invocations=10 (full 0):
 garbage-first heap   total 96256K, used 50234K [0x0000000702400000, 0x0000000800000000)
  region size 2048K, 2 young (4096K), 2 survivors (4096K)
 Metaspace       used 39032K, capacity 39254K, committed 39888K, reserved 1083392K
  class space    used 5047K, capacity 5142K, committed 5248K, reserved 1048576K
}
Event: 9.695 GC heap before
{Heap before GC invocations=10 (full 0):
 garbage-first heap   total 96256K, used 68666K [0x0000000702400000, 0x0000000800000000)
  region size 2048K, 11 young (22528K), 2 survivors (4096K)
 Metaspace       used 40758K, capacity 40995K, committed 41424K, reserved 1085440K
  class space    used 5305K, capacity 5401K, committed 5504K, reserved 1048576K
}
Event: 9.699 GC heap after
{Heap after GC invocations=11 (full 0):
 garbage-first heap   total 96256K, used 54818K [0x0000000702400000, 0x0000000800000000)
  region size 2048K, 2 young (4096K), 2 survivors (4096K)
 Metaspace       used 40758K, capacity 40995K, committed 41424K, reserved 1085440K
  class space    used 5305K, capacity 5401K, committed 5504K, reserved 1048576K
}
Event: 10.017 GC heap before
{Heap before GC invocations=12 (full 0):
 garbage-first heap   total 100352K, used 69154K [0x0000000702400000, 0x0000000800000000)
  region size 2048K, 10 young (20480K), 2 survivors (4096K)
 Metaspace       used 41406K, capacity 41603K, committed 42064K, reserved 1085440K
  class space    used 5474K, capacity 5561K, committed 5632K, reserved 1048576K
}
Event: 10.020 GC heap after
{Heap after GC invocations=13 (full 0):
 garbage-first heap   total 100352K, used 60605K [0x0000000702400000, 0x0000000800000000)
  region size 2048K, 2 young (4096K), 2 survivors (4096K)
 Metaspace       used 41406K, capacity 41603K, committed 42064K, reserved 1085440K
  class space    used 5474K, capacity 5561K, committed 5632K, reserved 1048576K
}
Event: 10.071 GC heap before
{Heap before GC invocations=13 (full 0):
 garbage-first heap   total 100352K, used 62653K [0x0000000702400000, 0x0000000800000000)
  region size 2048K, 4 young (8192K), 2 survivors (4096K)
 Metaspace       used 41527K, capacity 41859K, committed 42320K, reserved 1085440K
  class space    used 5509K, capacity 5625K, committed 5632K, reserved 1048576K
}
Event: 10.075 GC heap after
{Heap after GC invocations=14 (full 0):
 garbage-first heap   total 100352K, used 61902K [0x0000000702400000, 0x0000000800000000)
  region size 2048K, 1 young (2048K), 1 survivors (2048K)
 Metaspace       used 41527K, capacity 41859K, committed 42320K, reserved 1085440K
  class space    used 5509K, capacity 5625K, committed 5632K, reserved 1048576K
}
Event: 10.174 GC heap before
{Heap before GC invocations=15 (full 0):
 garbage-first heap   total 143360K, used 82382K [0x0000000702400000, 0x0000000800000000)
  region size 2048K, 7 young (14336K), 1 survivors (2048K)
 Metaspace       used 41661K, capacity 41955K, committed 42448K, reserved 1085440K
  class space    used 5545K, capacity 5657K, committed 5760K, reserved 1048576K
}
Event: 10.177 GC heap after
{Heap after GC invocations=16 (full 0):
 garbage-first heap   total 143360K, used 72630K [0x0000000702400000, 0x0000000800000000)
  region size 2048K, 1 young (2048K), 1 survivors (2048K)
 Metaspace       used 41661K, capacity 41955K, committed 42448K, reserved 1085440K
  class space    used 5545K, capacity 5657K, committed 5760K, reserved 1048576K
}
Event: 10.879 GC heap before
{Heap before GC invocations=16 (full 0):
 garbage-first heap   total 143360K, used 105398K [0x0000000702400000, 0x0000000800000000)
  region size 2048K, 17 young (34816K), 1 survivors (2048K)
 Metaspace       used 42467K, capacity 42724K, committed 43088K, reserved 1087488K
  class space    used 5758K, capacity 5849K, committed 5888K, reserved 1048576K
}
Event: 10.883 GC heap after
{Heap after GC invocations=17 (full 0):
 garbage-first heap   total 143360K, used 81931K [0x0000000702400000, 0x0000000800000000)
  region size 2048K, 3 young (6144K), 3 survivors (6144K)
 Metaspace       used 42467K, capacity 42724K, committed 43088K, reserved 1087488K
  class space    used 5758K, capacity 5849K, committed 5888K, reserved 1048576K
}
Event: 11.076 GC heap before
{Heap before GC invocations=18 (full 0):
 garbage-first heap   total 143360K, used 90123K [0x0000000702400000, 0x0000000800000000)
  region size 2048K, 8 young (16384K), 3 survivors (6144K)
 Metaspace       used 42639K, capacity 42916K, committed 43472K, reserved 1087488K
  class space    used 5810K, capacity 5913K, committed 6016K, reserved 1048576K
}
Event: 11.078 GC heap after
{Heap after GC invocations=19 (full 0):
 garbage-first heap   total 143360K, used 85078K [0x0000000702400000, 0x0000000800000000)
  region size 2048K, 2 young (4096K), 2 survivors (4096K)
 Metaspace       used 42639K, capacity 42916K, committed 43472K, reserved 1087488K
  class space    used 5810K, capacity 5913K, committed 6016K, reserved 1048576K
}

